<?xml version="1.0" encoding="UTF-8"?>
<!-- Generated by org.testng.reporters.JUnitXMLReporter -->
<testsuite ignored="0" hostname="DESKTOP-5LEOOHR" failures="4" tests="5" name="Test" time="61.027" errors="0" timestamp="27 Jul 2020 14:49:25 GMT">
  <testcase classname="com.initBankingTestCases.TestCase02" name="loginDDT" time="12.186">
    <failure type="junit.framework.AssertionFailedError">
      <![CDATA[junit.framework.AssertionFailedError
at junit.framework.Assert.fail(Assert.java:47)
at junit.framework.Assert.assertTrue(Assert.java:20)
at junit.framework.Assert.assertTrue(Assert.java:27)
at com.initBankingTestCases.TestCase02.loginDDT(TestCase02.java:37)
... Removed 25 stack frames]]>
    </failure>
  </testcase> <!-- loginDDT -->
  <testcase classname="com.initBankingTestCases.TestCase02" name="loginDDT" time="15.446"/>
  <testcase classname="com.initBankingTestCases.TestCase02" name="loginDDT" time="7.142">
    <failure type="junit.framework.AssertionFailedError">
      <![CDATA[junit.framework.AssertionFailedError
at junit.framework.Assert.fail(Assert.java:47)
at junit.framework.Assert.assertTrue(Assert.java:20)
at junit.framework.Assert.assertTrue(Assert.java:27)
at com.initBankingTestCases.TestCase02.loginDDT(TestCase02.java:37)
... Removed 25 stack frames]]>
    </failure>
  </testcase> <!-- loginDDT -->
  <testcase classname="com.initBankingTestCases.TestCase02" name="loginDDT" time="7.183">
    <failure type="junit.framework.AssertionFailedError">
      <![CDATA[junit.framework.AssertionFailedError
at junit.framework.Assert.fail(Assert.java:47)
at junit.framework.Assert.assertTrue(Assert.java:20)
at junit.framework.Assert.assertTrue(Assert.java:27)
at com.initBankingTestCases.TestCase02.loginDDT(TestCase02.java:37)
... Removed 25 stack frames]]>
    </failure>
  </testcase> <!-- loginDDT -->
  <testcase classname="com.initBankingTestCases.TestCase02" name="loginDDT" time="7.757">
    <failure type="junit.framework.AssertionFailedError">
      <![CDATA[junit.framework.AssertionFailedError
at junit.framework.Assert.fail(Assert.java:47)
at junit.framework.Assert.assertTrue(Assert.java:20)
at junit.framework.Assert.assertTrue(Assert.java:27)
at com.initBankingTestCases.TestCase02.loginDDT(TestCase02.java:37)
... Removed 25 stack frames]]>
    </failure>
  </testcase> <!-- loginDDT -->
</testsuite> <!-- Test -->
